2026-02-10 10:10:21 [INFO] com.revplay.main.RevPlayApp - RevPlay application started
2026-02-10 10:27:34 [INFO] com.revplay.main.RevPlayApp - RevPlay application started
2026-02-10 10:29:44 [INFO] com.revplay.main.RevPlayApp - RevPlay application started
2026-02-10 10:30:31 [INFO] com.revplay.service.UserServiceImpl - User registered successfully: aa@gmail.com
2026-02-10 10:30:41 [INFO] com.revplay.service.UserServiceImpl - Login attempt for email: aa@gmail.com
2026-02-10 10:30:41 [INFO] com.revplay.service.UserServiceImpl - Login success: aa@gmail.com, role=USER
2026-02-10 10:30:50 [INFO] com.revplay.main.RevPlayApp - Application exited by user
2026-02-10 15:40:24 [INFO] com.revplay.main.RevPlayApp - RevPlay application started
2026-02-10 15:41:10 [WARN] com.revplay.service.UserServiceImpl - Registration attempt with existing email: aa@gmail.com
2026-02-10 15:41:36 [INFO] com.revplay.main.RevPlayApp - RevPlay application started
2026-02-10 15:42:02 [INFO] com.revplay.service.UserServiceImpl - User registered successfully: chiru@gmail.com
2026-02-10 15:42:13 [INFO] com.revplay.service.UserServiceImpl - Login attempt for email: chiru@gmail.com
2026-02-10 15:42:14 [INFO] com.revplay.service.UserServiceImpl - Login success: chiru@gmail.com, role=USER
2026-02-10 15:42:59 [INFO] com.revplay.service.SongServiceImpl - User 145 requested to play song 461
2026-02-10 15:42:59 [INFO] com.revplay.service.SongServiceImpl - Play count incremented for songId=461
2026-02-10 15:42:59 [INFO] com.revplay.service.SongServiceImpl - Listening history added for userId=145, songId=461
2026-02-10 15:42:59 [INFO] com.revplay.service.SongServiceImpl - Song played successfully: Ramam Rghavam song
2026-02-10 15:43:13 [INFO] com.revplay.service.SongServiceImpl - User 145 requested to play song 462
2026-02-10 15:43:13 [WARN] com.revplay.service.SongServiceImpl - Song not found for songId=462
2026-02-10 15:45:32 [INFO] com.revplay.service.AlbumServiceImpl - Attempting to delete albumId=1 by artistId=10
2026-02-10 15:45:32 [INFO] com.revplay.service.AlbumServiceImpl - Album deleted successfully. albumId=1
2026-02-10 15:45:32 [INFO] com.revplay.service.AlbumServiceImpl - Updating albumId=0 by artistId=0
2026-02-10 15:45:32 [INFO] com.revplay.service.AlbumServiceImpl - Album updated successfully. albumId=0
2026-02-10 15:45:32 [INFO] com.revplay.service.AlbumServiceImpl - Artist 0 creating album: null
2026-02-10 15:45:32 [INFO] com.revplay.service.AlbumServiceImpl - Album created successfully: null
2026-02-10 15:45:33 [INFO] com.revplay.service.SongServiceImpl - User 10 requested to play song 1
2026-02-10 15:45:33 [INFO] com.revplay.service.SongServiceImpl - Play count incremented for songId=1
2026-02-10 15:45:33 [INFO] com.revplay.service.SongServiceImpl - Listening history added for userId=10, songId=1
2026-02-10 15:45:33 [INFO] com.revplay.service.SongServiceImpl - Song played successfully: Test Song
2026-02-10 15:45:33 [INFO] com.revplay.service.SongServiceImpl - User 10 requested to play song 999
2026-02-10 15:45:33 [WARN] com.revplay.service.SongServiceImpl - Song not found for songId=999
2026-02-10 15:45:33 [INFO] com.revplay.service.UserServiceImpl - Login attempt for email: test@test.com
2026-02-10 15:45:33 [INFO] com.revplay.service.UserServiceImpl - Login success: test@test.com, role=USER
2026-02-10 15:45:33 [INFO] com.revplay.service.UserServiceImpl - User registered successfully: new@test.com
2026-02-10 15:45:33 [INFO] com.revplay.service.UserServiceImpl - Login attempt for email: wrong@test.com
2026-02-10 15:45:33 [WARN] com.revplay.service.UserServiceImpl - Login failed for email: wrong@test.com
2026-02-10 15:45:33 [INFO] com.revplay.service.UserServiceImpl - Login attempt for email: null
2026-02-10 15:45:33 [WARN] com.revplay.service.UserServiceImpl - Login failed due to null email/password
2026-02-10 15:45:33 [INFO] com.revplay.service.UserServiceImpl - Login attempt for email: email
2026-02-10 15:45:33 [WARN] com.revplay.service.UserServiceImpl - Login failed due to null email/password
2026-02-10 15:45:33 [WARN] com.revplay.service.UserServiceImpl - Registration attempt with existing email: existing@test.com
2026-02-10 15:45:33 [INFO] com.revplay.service.UserServiceImpl - Artist registered successfully: artist@test.com
2026-02-10 15:45:34 [INFO] com.revplay.service.AlbumServiceImpl - Attempting to delete albumId=1 by artistId=10
2026-02-10 15:45:34 [INFO] com.revplay.service.AlbumServiceImpl - Album deleted successfully. albumId=1
2026-02-10 15:45:34 [INFO] com.revplay.service.AlbumServiceImpl - Updating albumId=0 by artistId=0
2026-02-10 15:45:34 [INFO] com.revplay.service.AlbumServiceImpl - Album updated successfully. albumId=0
2026-02-10 15:45:34 [INFO] com.revplay.service.AlbumServiceImpl - Artist 0 creating album: null
2026-02-10 15:45:34 [INFO] com.revplay.service.AlbumServiceImpl - Album created successfully: null
2026-02-10 15:45:35 [INFO] com.revplay.service.SongServiceImpl - User 10 requested to play song 1
2026-02-10 15:45:35 [INFO] com.revplay.service.SongServiceImpl - Play count incremented for songId=1
2026-02-10 15:45:35 [INFO] com.revplay.service.SongServiceImpl - Listening history added for userId=10, songId=1
2026-02-10 15:45:35 [INFO] com.revplay.service.SongServiceImpl - Song played successfully: Test Song
2026-02-10 15:45:35 [INFO] com.revplay.service.SongServiceImpl - User 10 requested to play song 999
2026-02-10 15:45:35 [WARN] com.revplay.service.SongServiceImpl - Song not found for songId=999
2026-02-10 15:45:35 [INFO] com.revplay.service.UserServiceImpl - Login attempt for email: test@test.com
2026-02-10 15:45:35 [INFO] com.revplay.service.UserServiceImpl - Login success: test@test.com, role=USER
2026-02-10 15:45:35 [INFO] com.revplay.service.UserServiceImpl - User registered successfully: new@test.com
2026-02-10 15:45:35 [INFO] com.revplay.service.UserServiceImpl - Login attempt for email: wrong@test.com
2026-02-10 15:45:35 [WARN] com.revplay.service.UserServiceImpl - Login failed for email: wrong@test.com
2026-02-10 15:45:35 [INFO] com.revplay.service.UserServiceImpl - Login attempt for email: null
2026-02-10 15:45:35 [WARN] com.revplay.service.UserServiceImpl - Login failed due to null email/password
2026-02-10 15:45:35 [INFO] com.revplay.service.UserServiceImpl - Login attempt for email: email
2026-02-10 15:45:35 [WARN] com.revplay.service.UserServiceImpl - Login failed due to null email/password
2026-02-10 15:45:35 [WARN] com.revplay.service.UserServiceImpl - Registration attempt with existing email: existing@test.com
2026-02-10 15:45:35 [INFO] com.revplay.service.UserServiceImpl - Artist registered successfully: artist@test.com
2026-02-10 15:45:35 [INFO] com.revplay.service.ArtistServiceImpl - Saving artist profile for userId=101
2026-02-10 15:45:35 [INFO] com.revplay.service.ArtistServiceImpl - Artist profile saved successfully for userId=101
2026-02-10 15:45:36 [INFO] com.revplay.service.ArtistServiceImpl - Saving artist profile for userId=0
2026-02-10 15:45:36 [INFO] com.revplay.service.ArtistServiceImpl - Artist profile saved successfully for userId=0
2026-02-10 15:45:36 [INFO] com.revplay.service.ArtistSongServiceImpl - Updating songId=0 by artistId=0
2026-02-10 15:45:36 [INFO] com.revplay.service.ArtistSongServiceImpl - Song updated successfully. songId=0
2026-02-10 15:45:36 [INFO] com.revplay.service.ArtistSongServiceImpl - Artist 0 uploading song: null
2026-02-10 15:45:36 [INFO] com.revplay.service.ArtistSongServiceImpl - Song uploaded successfully: null
2026-02-10 15:45:36 [INFO] com.revplay.service.ArtistSongServiceImpl - Deleting songId=1 by artistId=10
2026-02-10 15:45:36 [INFO] com.revplay.service.ArtistSongServiceImpl - Song deleted successfully. songId=1
2026-02-10 15:45:37 [INFO] com.revplay.service.ArtistServiceImpl - Saving artist profile for userId=101
2026-02-10 15:45:37 [INFO] com.revplay.service.ArtistServiceImpl - Artist profile saved successfully for userId=101
2026-02-10 15:45:38 [INFO] com.revplay.service.ArtistServiceImpl - Saving artist profile for userId=0
2026-02-10 15:45:38 [INFO] com.revplay.service.ArtistServiceImpl - Artist profile saved successfully for userId=0
2026-02-10 15:45:38 [INFO] com.revplay.service.ArtistSongServiceImpl - Updating songId=0 by artistId=0
2026-02-10 15:45:38 [INFO] com.revplay.service.ArtistSongServiceImpl - Song updated successfully. songId=0
2026-02-10 15:45:38 [INFO] com.revplay.service.ArtistSongServiceImpl - Artist 0 uploading song: null
2026-02-10 15:45:38 [INFO] com.revplay.service.ArtistSongServiceImpl - Song uploaded successfully: null
2026-02-10 15:45:38 [INFO] com.revplay.service.ArtistSongServiceImpl - Deleting songId=1 by artistId=10
2026-02-10 15:45:38 [INFO] com.revplay.service.ArtistSongServiceImpl - Song deleted successfully. songId=1
